<?xml version="1.0" encoding="UTF-8"?>
<coverage generated="1637329397286" clover="3.2.0">
  <project timestamp="1637329397286" name="All files">
    <metrics statements="23" coveredstatements="20" conditionals="8" coveredconditionals="5" methods="3" coveredmethods="3" elements="34" coveredelements="28" complexity="0" loc="23" ncloc="23" packages="1" files="1" classes="1"/>
    <file name="RelativeDate.ts" path="E:\workspace\libraries\toaststrap\src\RelativeDate.ts">
      <metrics statements="23" coveredstatements="20" conditionals="8" coveredconditionals="5" methods="3" coveredmethods="3"/>
      <line num="1" count="1" type="stmt"/>
      <line num="9" count="5" type="stmt"/>
      <line num="20" count="5" type="stmt"/>
      <line num="37" count="5" type="stmt"/>
      <line num="38" count="5" type="stmt"/>
      <line num="40" count="5" type="cond" truecount="1" falsecount="1"/>
      <line num="41" count="5" type="stmt"/>
      <line num="42" count="0" type="cond" truecount="0" falsecount="1"/>
      <line num="43" count="0" type="stmt"/>
      <line num="46" count="5" type="cond" truecount="0" falsecount="1"/>
      <line num="47" count="0" type="stmt"/>
      <line num="50" count="5" type="cond" truecount="1" falsecount="0"/>
      <line num="51" count="2" type="stmt"/>
      <line num="54" count="5" type="stmt"/>
      <line num="57" count="1" type="stmt"/>
      <line num="58" count="5" type="stmt"/>
      <line num="63" count="5" type="stmt"/>
      <line num="64" count="53" type="stmt"/>
      <line num="66" count="53" type="cond" truecount="1" falsecount="0"/>
      <line num="67" count="4" type="cond" truecount="2" falsecount="0"/>
      <line num="71" count="1" type="stmt"/>
      <line num="73" count="1" type="stmt"/>
      <line num="75" count="1" type="stmt"/>
    </file>
  </project>
</coverage>
