{"E:\\workspace\\libraries\\toaststrap\\src\\RelativeDate.ts": {"path":"E:\\workspace\\libraries\\toaststrap\\src\\RelativeDate.ts","statementMap":{"0":{"start":{"line":1,"column":0},"end":{"line":1,"column":null}},"1":{"start":{"line":9,"column":4},"end":{"line":17,"column":null}},"2":{"start":{"line":20,"column":4},"end":{"line":34,"column":null}},"3":{"start":{"line":37,"column":4},"end":{"line":37,"column":null}},"4":{"start":{"line":38,"column":4},"end":{"line":38,"column":null}},"5":{"start":{"line":40,"column":4},"end":{"line":44,"column":null}},"6":{"start":{"line":41,"column":6},"end":{"line":41,"column":null}},"7":{"start":{"line":42,"column":11},"end":{"line":44,"column":null}},"8":{"start":{"line":43,"column":6},"end":{"line":43,"column":null}},"9":{"start":{"line":46,"column":4},"end":{"line":48,"column":null}},"10":{"start":{"line":47,"column":6},"end":{"line":47,"column":null}},"11":{"start":{"line":50,"column":4},"end":{"line":52,"column":null}},"12":{"start":{"line":51,"column":6},"end":{"line":51,"column":null}},"13":{"start":{"line":54,"column":4},"end":{"line":54,"column":null}},"14":{"start":{"line":57,"column":9},"end":{"line":72,"column":null}},"15":{"start":{"line":58,"column":18},"end":{"line":58,"column":45}},"16":{"start":{"line":63,"column":4},"end":{"line":69,"column":null}},"17":{"start":{"line":64,"column":6},"end":{"line":64,"column":null}},"18":{"start":{"line":66,"column":6},"end":{"line":68,"column":null}},"19":{"start":{"line":67,"column":8},"end":{"line":67,"column":null}},"20":{"start":{"line":71,"column":4},"end":{"line":71,"column":null}},"21":{"start":{"line":73,"column":0},"end":{"line":73,"column":null}},"22":{"start":{"line":75,"column":0},"end":{"line":75,"column":null}}},"fnMap":{"0":{"name":"(anonymous_0)","decl":{"start":{"line":1,"column":0},"end":{"line":1,"column":null}},"loc":{"start":{"line":1,"column":0},"end":{"line":73,"column":null}}},"1":{"name":"RelativeDate","decl":{"start":{"line":8,"column":2},"end":{"line":8,"column":14}},"loc":{"start":{"line":8,"column":36},"end":{"line":55,"column":3}}},"2":{"name":"(anonymous_2)","decl":{"start":{"line":57,"column":2},"end":{"line":57,"column":9}},"loc":{"start":{"line":57,"column":2},"end":{"line":72,"column":3}}}},"branchMap":{"0":{"loc":{"start":{"line":40,"column":4},"end":{"line":44,"column":null}},"type":"if","locations":[{"start":{"line":40,"column":4},"end":{"line":44,"column":null}},{"start":{"line":42,"column":11},"end":{"line":44,"column":null}}]},"1":{"loc":{"start":{"line":42,"column":11},"end":{"line":44,"column":null}},"type":"if","locations":[{"start":{"line":42,"column":11},"end":{"line":44,"column":null}}]},"2":{"loc":{"start":{"line":46,"column":4},"end":{"line":48,"column":null}},"type":"if","locations":[{"start":{"line":46,"column":4},"end":{"line":48,"column":null}}]},"3":{"loc":{"start":{"line":50,"column":4},"end":{"line":52,"column":null}},"type":"if","locations":[{"start":{"line":50,"column":4},"end":{"line":52,"column":null}}]},"4":{"loc":{"start":{"line":66,"column":6},"end":{"line":68,"column":null}},"type":"if","locations":[{"start":{"line":66,"column":6},"end":{"line":68,"column":null}}]},"5":{"loc":{"start":{"line":67,"column":15},"end":{"line":67,"column":99}},"type":"cond-expr","locations":[{"start":{"line":67,"column":40},"end":{"line":67,"column":49}},{"start":{"line":67,"column":52},"end":{"line":67,"column":99}}]}},"s":{"0":1,"1":5,"2":5,"3":5,"4":5,"5":5,"6":5,"7":0,"8":0,"9":5,"10":0,"11":5,"12":2,"13":5,"14":1,"15":5,"16":5,"17":53,"18":53,"19":4,"20":1,"21":1,"22":1},"f":{"0":1,"1":5,"2":5},"b":{"0":[5,0],"1":[0],"2":[0],"3":[2],"4":[4],"5":[1,3]}}
}
